#
# There is insufficient memory for the Java Runtime Environment to continue.
# Native memory allocation (mmap) failed to map 2097152 bytes for G1 virtual space
# Possible reasons:
#   The system is out of physical RAM or swap space
#   The process is running with CompressedOops enabled, and the Java Heap may be blocking the growth of the native heap
# Possible solutions:
#   Reduce memory load on the system
#   Increase physical memory or swap space
#   Check if swap backing store is full
#   Decrease Java heap size (-Xmx/-Xms)
#   Decrease number of Java threads
#   Decrease Java thread stack sizes (-Xss)
#   Set larger code cache with -XX:ReservedCodeCacheSize=
#   JVM is running with Unscaled Compressed Oops mode in which the Java heap is
#     placed in the first 4GB address space. The Java Heap base address is the
#     maximum limit for the native heap growth. Please use -XX:HeapBaseMinAddress
#     to set the Java Heap base and to place the Java Heap above 4GB virtual address.
# This output file may be truncated or incomplete.
#
#  Out of Memory Error (os_windows.cpp:3466), pid=8888, tid=776
#
# JRE version:  (16.0.1+9) (build )
# Java VM: Java HotSpot(TM) 64-Bit Server VM (16.0.1+9-24, mixed mode, sharing, tiered, compressed oops, compressed class ptrs, g1 gc, windows-amd64)
# No core dump will be written. Minidumps are not enabled by default on client versions of Windows
#

---------------  S U M M A R Y ------------

Command Line: -XX:TieredStopAtLevel=1 -Xverify:none -Dspring.output.ansi.enabled=always -javaagent:C:\Program Files\JetBrains\IntelliJ IDEA 2021.1.1\lib\idea_rt.jar=56857:C:\Program Files\JetBrains\IntelliJ IDEA 2021.1.1\bin -Dcom.sun.management.jmxremote -Dspring.jmx.enabled=true -Dspring.liveBeansView.mbeanDomain -Dspring.application.admin.enabled=true -Dfile.encoding=UTF-8 ru.burenkov.weatherBroker.WeatherBrokerApplication

Host: Intel(R) Core(TM) i5-4460  CPU @ 3.20GHz, 4 cores, 7G,  Windows 10 , 64 bit Build 18362 (10.0.18362.329)
Time: Tue Jul  6 11:21:35 2021 RTZ 2 (зима) elapsed time: 0.141646 seconds (0d 0h 0m 0s)

---------------  T H R E A D  ---------------

Current thread (0x000001c1079798e0):  JavaThread "Unknown thread" [_thread_in_vm, id=776, stack(0x0000007abf400000,0x0000007abf500000)]

Stack: [0x0000007abf400000,0x0000007abf500000]
Native frames: (J=compiled Java code, j=interpreted, Vv=VM code, C=native code)
V  [jvm.dll+0x6687ca]
V  [jvm.dll+0x7ca3c9]
V  [jvm.dll+0x7cbb53]
V  [jvm.dll+0x7cc1b3]
V  [jvm.dll+0x242ea5]
V  [jvm.dll+0x665589]
V  [jvm.dll+0x65a175]
V  [jvm.dll+0x2fc5ab]
V  [jvm.dll+0x3037a6]
V  [jvm.dll+0x353018]
V  [jvm.dll+0x35321f]
V  [jvm.dll+0x2d3618]
V  [jvm.dll+0x2d4854]
V  [jvm.dll+0x79ccb1]
V  [jvm.dll+0x360de1]
V  [jvm.dll+0x77a990]
V  [jvm.dll+0x3e55af]
V  [jvm.dll+0x3e7081]
C  [jli.dll+0x52fb]
C  [ucrtbase.dll+0x1d9f2]
C  [KERNEL32.DLL+0x17bd4]
C  [ntdll.dll+0x6cee1]


---------------  P R O C E S S  ---------------

Threads class SMR info:
_java_thread_list=0x00007ffe6dfbcbb8, length=0, elements={
}

Java Threads: ( => current thread )

Other Threads:
  0x000001c1079b6640 GCTaskThread "GC Thread#0" [stack: 0x0000007abf500000,0x0000007abf600000] [id=2780]
  0x000001c1079c8a50 ConcurrentGCThread "G1 Main Marker" [stack: 0x0000007abf600000,0x0000007abf700000] [id=11736]
  0x000001c1079ca550 ConcurrentGCThread "G1 Conc#0" [stack: 0x0000007abf700000,0x0000007abf800000] [id=4852]

[error occurred during error reporting (printing all threads), id 0xc0000005, EXCEPTION_ACCESS_VIOLATION (0xc0000005) at pc=0x00007ffe6d7944d7]

VM state: not at safepoint (not fully initialized)

VM Mutex/Monitor currently owned by a thread:  ([mutex/lock_event])
[0x000001c107976760] Heap_lock - owner thread: 0x000001c1079798e0

Heap address: 0x0000000080a00000, size: 2038 MB, Compressed Oops mode: 32-bit

CDS archive(s) mapped at: [0x0000000000000000-0x0000000000000000-0x0000000000000000), size 0, SharedBaseAddress: 0x0000000800000000, ArchiveRelocationMode: 0.
Narrow klass base: 0x0000000000000000, Narrow klass shift: 0, Narrow klass range: 0x0

GC Precious Log:
<Empty>

Heap:
 garbage-first heap   total 0K, used 0K [0x0000000080a00000, 0x0000000100000000)
  region size 1024K, 0 young (0K), 0 survivors (0K)

[error occurred during error reporting (printing heap information), id 0xc0000005, EXCEPTION_ACCESS_VIOLATION (0xc0000005) at pc=0x00007ffe6db724ed]

GC Heap History (0 events):
No events

Deoptimization events (0 events):
No events

Classes unloaded (0 events):
No events

Classes redefined (0 events):
No events

Internal exceptions (0 events):
No events

Events (1 events):
Event: 0.024 Loaded shared library C:\Java\jdk-16.0.1\bin\java.dll


Dynamic libraries:
0x00007ff6c4f40000 - 0x00007ff6c4f50000 	C:\Java\jdk-16.0.1\bin\java.exe
0x00007ffe88900000 - 0x00007ffe88af0000 	C:\Windows\SYSTEM32\ntdll.dll
0x00007ffe87fd0000 - 0x00007ffe88082000 	C:\Windows\System32\KERNEL32.DLL
0x00007ffe85b40000 - 0x00007ffe85de3000 	C:\Windows\System32\KERNELBASE.dll
0x00007ffe858e0000 - 0x00007ffe859da000 	C:\Windows\System32\ucrtbase.dll
0x00007ffe6e190000 - 0x00007ffe6e1a8000 	C:\Java\jdk-16.0.1\bin\jli.dll
0x00007ffe87cf0000 - 0x00007ffe87d93000 	C:\Windows\System32\ADVAPI32.dll
0x00007ffe869b0000 - 0x00007ffe86a4e000 	C:\Windows\System32\msvcrt.dll
0x00007ffe88690000 - 0x00007ffe88727000 	C:\Windows\System32\sechost.dll
0x00007ffe887a0000 - 0x00007ffe888c0000 	C:\Windows\System32\RPCRT4.dll
0x00007ffe877d0000 - 0x00007ffe87963000 	C:\Windows\System32\USER32.dll
0x00007ffe865d0000 - 0x00007ffe865f1000 	C:\Windows\System32\win32u.dll
0x00007ffe88090000 - 0x00007ffe880b6000 	C:\Windows\System32\GDI32.dll
0x00007ffe866a0000 - 0x00007ffe86834000 	C:\Windows\System32\gdi32full.dll
0x00007ffe86600000 - 0x00007ffe8669e000 	C:\Windows\System32\msvcp_win.dll
0x00007ffe787d0000 - 0x00007ffe78a55000 	C:\Windows\WinSxS\amd64_microsoft.windows.common-controls_6595b64144ccf1df_6.0.18362.356_none_e6c4af7d130f27cc\COMCTL32.dll
0x00007ffe880c0000 - 0x00007ffe883f6000 	C:\Windows\System32\combase.dll
0x00007ffe85a90000 - 0x00007ffe85b10000 	C:\Windows\System32\bcryptPrimitives.dll
0x00007ffe6e170000 - 0x00007ffe6e189000 	C:\Java\jdk-16.0.1\bin\VCRUNTIME140.dll
0x00007ffe7fe90000 - 0x00007ffe7fe9a000 	C:\Windows\SYSTEM32\VERSION.dll
0x00007ffe87b90000 - 0x00007ffe87bbe000 	C:\Windows\System32\IMM32.DLL
0x00007ffe6e160000 - 0x00007ffe6e16c000 	C:\Java\jdk-16.0.1\bin\vcruntime140_1.dll
0x00007ffe6e0c0000 - 0x00007ffe6e151000 	C:\Java\jdk-16.0.1\bin\msvcp140.dll
0x00007ffe6d4b0000 - 0x00007ffe6e05b000 	C:\Java\jdk-16.0.1\bin\server\jvm.dll
0x00007ffe86f20000 - 0x00007ffe86f28000 	C:\Windows\System32\PSAPI.DLL
0x00007ffe7c240000 - 0x00007ffe7c249000 	C:\Windows\SYSTEM32\WSOCK32.dll
0x00007ffe88730000 - 0x00007ffe8879f000 	C:\Windows\System32\WS2_32.dll
0x00007ffe78730000 - 0x00007ffe78754000 	C:\Windows\SYSTEM32\WINMM.dll
0x00007ffe78700000 - 0x00007ffe7872d000 	C:\Windows\SYSTEM32\WINMMBASE.dll
0x00007ffe85890000 - 0x00007ffe858da000 	C:\Windows\System32\cfgmgr32.dll
0x00007ffe857e0000 - 0x00007ffe857f1000 	C:\Windows\System32\kernel.appcore.dll
0x00007ffe6e090000 - 0x00007ffe6e09a000 	C:\Java\jdk-16.0.1\bin\jimage.dll
0x00007ffe7b920000 - 0x00007ffe7bb14000 	C:\Windows\SYSTEM32\DBGHELP.DLL
0x00007ffe7b850000 - 0x00007ffe7b87a000 	C:\Windows\SYSTEM32\dbgcore.DLL
0x00007ffe7e500000 - 0x00007ffe7e50e000 	C:\Java\jdk-16.0.1\bin\instrument.dll
0x00007ffe6c7a0000 - 0x00007ffe6c7c5000 	C:\Java\jdk-16.0.1\bin\java.dll

dbghelp: loaded successfully - version: 4.0.5 - missing functions: none
symbol engine: initialized successfully - sym options: 0x614 - pdb path: .;C:\Java\jdk-16.0.1\bin;C:\Windows\SYSTEM32;C:\Windows\WinSxS\amd64_microsoft.windows.common-controls_6595b64144ccf1df_6.0.18362.356_none_e6c4af7d130f27cc;C:\Java\jdk-16.0.1\bin\server

VM Arguments:
jvm_args: -XX:TieredStopAtLevel=1 -Xverify:none -Dspring.output.ansi.enabled=always -javaagent:C:\Program Files\JetBrains\IntelliJ IDEA 2021.1.1\lib\idea_rt.jar=56857:C:\Program Files\JetBrains\IntelliJ IDEA 2021.1.1\bin -Dcom.sun.management.jmxremote -Dspring.jmx.enabled=true -Dspring.liveBeansView.mbeanDomain -Dspring.application.admin.enabled=true -Dfile.encoding=UTF-8 
java_command: ru.burenkov.weatherBroker.WeatherBrokerApplication
java_class_path (initial): D:\backend\weatherBroker\target\classes;C:\Users\KB7-37\.m2\repository\org\springframework\boot\spring-boot-starter-thymeleaf\2.5.2\spring-boot-starter-thymeleaf-2.5.2.jar;C:\Users\KB7-37\.m2\repository\org\springframework\boot\spring-boot-starter\2.5.2\spring-boot-starter-2.5.2.jar;C:\Users\KB7-37\.m2\repository\org\springframework\boot\spring-boot-starter-logging\2.5.2\spring-boot-starter-logging-2.5.2.jar;C:\Users\KB7-37\.m2\repository\ch\qos\logback\logback-classic\1.2.3\logback-classic-1.2.3.jar;C:\Users\KB7-37\.m2\repository\ch\qos\logback\logback-core\1.2.3\logback-core-1.2.3.jar;C:\Users\KB7-37\.m2\repository\org\apache\logging\log4j\log4j-to-slf4j\2.14.1\log4j-to-slf4j-2.14.1.jar;C:\Users\KB7-37\.m2\repository\org\apache\logging\log4j\log4j-api\2.14.1\log4j-api-2.14.1.jar;C:\Users\KB7-37\.m2\repository\org\slf4j\jul-to-slf4j\1.7.31\jul-to-slf4j-1.7.31.jar;C:\Users\KB7-37\.m2\repository\jakarta\annotation\jakarta.annotation-api\1.3.5\jakarta.annotation-api-1.3.5.jar;C:\Users\KB7-37\.m2\repository\org\yaml\snakeyaml\1.28\snakeyaml-1.28.jar;C:\Users\KB7-37\.m2\repository\org\thymeleaf\thymeleaf-spring5\3.0.12.RELEASE\thymeleaf-spring5-3.0.12.RELEASE.jar;C:\Users\KB7-37\.m2\repository\org\thymeleaf\thymeleaf\3.0.12.RELEASE\thymeleaf-3.0.12.RELEASE.jar;C:\Users\KB7-37\.m2\repository\org\attoparser\attoparser\2.0.5.RELEASE\attoparser-2.0.5.RELEASE.jar;C:\Users\KB7-37\.m2\repository\org\unbescape\unbescape\1.1.6.RELEASE\unbescape-1.1.6.RELEASE.jar;C:\Users\KB7-37\.m2\repository\org\slf4j\slf4j-api\1.7.31\slf4j-api-1.7.31.jar;C:\Users\KB7-37\.m2\repository\org\thymeleaf\extras\thymeleaf-extras-java8time\3.0.4.RELEASE\thymeleaf-extras-java8time-3.0.4.RELEASE.jar;C:\Users\KB7-37\.m2\repository\org\springframework\boot\spring-boot-starter-web\2.5.2\spring-boot-starter-web-2.5.2.jar;C:\Users\KB7-37\.m2\repository\org\springframework\boot\spring-boot-starter-json\2.5.2\spring-boot-starter-json-2.5.2.jar;C:\Users\KB7-37\.m2\repository\com\fas
Launcher Type: SUN_STANDARD

[Global flags]
     intx CICompilerCount                          = 3                                         {product} {ergonomic}
     uint ConcGCThreads                            = 1                                         {product} {ergonomic}
     uint G1ConcRefinementThreads                  = 4                                         {product} {ergonomic}
   size_t G1HeapRegionSize                         = 1048576                                   {product} {ergonomic}
    uintx GCDrainStackTargetSize                   = 64                                        {product} {ergonomic}
   size_t InitialHeapSize                          = 134217728                                 {product} {ergonomic}
     bool ManagementServer                         = true                                      {product} {command line}
   size_t MarkStackSize                            = 4194304                                   {product} {ergonomic}
   size_t MaxHeapSize                              = 2136997888                                {product} {ergonomic}
   size_t MinHeapDeltaBytes                        = 1048576                                   {product} {ergonomic}
   size_t MinHeapSize                              = 8388608                                   {product} {ergonomic}
    uintx NonNMethodCodeHeapSize                   = 6973028                                {pd product} {ergonomic}
    uintx NonProfiledCodeHeapSize                  = 244685212                              {pd product} {ergonomic}
    uintx ProfiledCodeHeapSize                     = 0                                      {pd product} {ergonomic}
    uintx ReservedCodeCacheSize                    = 251658240                              {pd product} {ergonomic}
     bool SegmentedCodeCache                       = true                                      {product} {ergonomic}
   size_t SoftMaxHeapSize                          = 2136997888                             {manageable} {ergonomic}
     intx TieredStopAtLevel                        = 1                                         {product} {command line}
     bool UseCompressedClassPointers               = true                           {product lp64_product} {ergonomic}
     bool UseCompressedOops                        = true                           {product lp64_product} {ergonomic}
     bool UseG1GC                                  = true                                      {product} {ergonomic}
     bool UseLargePagesIndividualAllocation        = false                                  {pd product} {ergonomic}

Logging:
Log output configuration:
 #0: stdout all=warning uptime,level,tags
 #1: stderr all=off uptime,level,tags

Environment Variables:
JAVA_HOME=C:\Java\jdk-16.0.1
PATH=C:\Program Files\Common Files\Oracle\Java\javapath;C:\Program Files (x86)\Common Files\Oracle\Java\javapath;C:\Windows\system32;C:\Windows;C:\Windows\System32\Wbem;C:\Windows\System32\WindowsPowerShell\v1.0\;C:\Windows\System32\OpenSSH\;C:\Program Files (x86)\NVIDIA Corporation\PhysX\Common;C:\Program Files\NVIDIA Corporation\NVIDIA NvDLISR;C:\Program Files (x86)\Common Files\Acronis\SnapAPI\;C:\Program Files (x86)\Common Files\Acronis\VirtualFile\;C:\Program Files (x86)\Common Files\Acronis\VirtualFile64\;C:\Program Files (x86)\Common Files\Acronis\FileProtector\;C:\Program Files (x86)\Common Files\Acronis\FileProtector64\;C:\Program Files\dotnet\;C:\Program Files\Microsoft SQL Server\130\Tools\Binn\;C:\Program Files\Microsoft SQL Server\Client SDK\ODBC\170\Tools\Binn\;C:\Program Files (x86)\P-CAD 2006 Viewer\;C:\Java\jdk-16.0.1\bin;C:\forJava\apache-maven-3.6.3\bin;C:\Program Files\Docker\Docker\resources\bin;C:\ProgramData\DockerDesktop\version-bin;C:\Program Files\MySQL\MySQL\bin;C:\Program Files\Git\cmd;C:\Program Files (x86)\Atmel\sam-ba_2.18\drv\;C:\Program Files (x86)\Atmel\sam-ba_2.18;C:\Users\KB7-37\AppData\Local\Microsoft\WindowsApps;C:\Program Files (x86)\Atmel\Flip 3.4.7\bin;C:\Java\jdk-16.0.1\bin;
USERNAME=KB7-37
OS=Windows_NT
PROCESSOR_IDENTIFIER=Intel64 Family 6 Model 60 Stepping 3, GenuineIntel



---------------  S Y S T E M  ---------------

OS:
 Windows 10 , 64 bit Build 18362 (10.0.18362.329)
OS uptime: 0 days 3:12 hours
Hyper-V role detected

CPU: total 4 (initial active 4) (4 cores per cpu, 1 threads per core) family 6 model 60 stepping 3 microcode 0x27, cx8, cmov, fxsr, mmx, sse, sse2, sse3, ssse3, sse4.1, sse4.2, popcnt, lzcnt, tsc, tscinvbit, avx, avx2, aes, erms, clmul, bmi1, bmi2, fma, vzeroupper, clflush, hv

Memory: 4k page, system-wide physical 8147M (1169M free)
TotalPageFile size 10195M (AvailPageFile size 2M)
current process WorkingSet (physical memory assigned to process): 10M, peak: 10M
current process commit charge ("private bytes"): 179M, peak: 181M

vm_info: Java HotSpot(TM) 64-Bit Server VM (16.0.1+9-24) for windows-amd64 JRE (16.0.1+9-24), built on Mar 26 2021 19:31:42 by "mach5one" with MS VC++ 16.7 (VS2019)

END.
