
2021-08-03 13:28:07 INFO  [main]: POST запрос: Moscow
2021-08-03 14:38:15 INFO  [http-nio-8081-exec-2]: POST запрос: Moscow
2021-08-03 16:27:20 INFO  [http-nio-8081-exec-2]: POST запрос: Moscow
2021-08-04 09:58:48 INFO  [http-nio-8081-exec-1]: POST запрос: Moscow
2021-08-04 15:27:29 INFO  [http-nio-8081-exec-2]: POST запрос: Moscow
2021-08-04 15:27:36 INFO  [http-nio-8081-exec-3]: POST запрос: Moscow
2021-08-04 15:27:40 INFO  [http-nio-8081-exec-4]: POST запрос: Moscow
2021-08-04 15:27:41 INFO  [http-nio-8081-exec-5]: POST запрос: Moscow
2021-08-04 15:27:42 INFO  [http-nio-8081-exec-6]: POST запрос: Moscow
2021-08-04 15:29:58 INFO  [http-nio-8081-exec-2]: POST запрос: Moscow
2021-08-04 15:30:25 INFO  [http-nio-8081-exec-3]: POST запрос: Moscow
2021-08-04 15:30:26 INFO  [http-nio-8081-exec-4]: POST запрос: Moscow
2021-08-04 15:30:31 INFO  [http-nio-8081-exec-5]: POST запрос: Moscow
2021-08-04 15:30:32 INFO  [http-nio-8081-exec-6]: POST запрос: Moscow
2021-08-04 15:30:32 INFO  [http-nio-8081-exec-7]: POST запрос: Moscow
2021-08-04 15:30:34 INFO  [http-nio-8081-exec-8]: POST запрос: Moscow
2021-08-04 15:31:11 INFO  [http-nio-8081-exec-9]: POST запрос: Moscow
2021-08-04 15:31:12 INFO  [http-nio-8081-exec-10]: POST запрос: Moscow
2021-08-04 15:31:13 INFO  [http-nio-8081-exec-1]: POST запрос: Moscow
2021-08-04 15:31:14 INFO  [http-nio-8081-exec-2]: POST запрос: Moscow
2021-08-04 15:31:47 INFO  [http-nio-8081-exec-3]: POST запрос: Moscow
2021-08-04 15:31:48 INFO  [http-nio-8081-exec-4]: POST запрос: Moscow
2021-08-04 15:31:50 INFO  [http-nio-8081-exec-5]: POST запрос: Moscow
2021-08-04 15:31:50 INFO  [http-nio-8081-exec-6]: POST запрос: Moscow
2021-08-04 15:31:51 INFO  [http-nio-8081-exec-7]: POST запрос: Moscow
2021-08-04 15:31:51 INFO  [http-nio-8081-exec-8]: POST запрос: Moscow
2021-08-04 15:31:52 INFO  [http-nio-8081-exec-9]: POST запрос: Moscow
2021-08-04 15:31:53 INFO  [http-nio-8081-exec-10]: POST запрос: Moscow
2021-08-04 15:31:54 INFO  [http-nio-8081-exec-1]: POST запрос: Moscow
2021-08-04 15:31:54 INFO  [http-nio-8081-exec-2]: POST запрос: Moscow
2021-08-04 15:31:55 INFO  [http-nio-8081-exec-3]: POST запрос: Moscow
2021-08-04 15:31:55 INFO  [http-nio-8081-exec-4]: POST запрос: Moscow
2021-08-04 15:31:56 INFO  [http-nio-8081-exec-5]: POST запрос: Moscow
2021-08-04 15:31:56 INFO  [http-nio-8081-exec-6]: POST запрос: Moscow
2021-08-04 15:31:57 INFO  [http-nio-8081-exec-7]: POST запрос: Moscow
2021-08-04 15:32:53 INFO  [http-nio-8081-exec-2]: POST запрос: Moscow
2021-08-04 15:32:55 INFO  [http-nio-8081-exec-3]: POST запрос: Moscow
2021-08-04 15:33:08 INFO  [http-nio-8081-exec-4]: POST запрос: Moscow
2021-08-04 15:34:20 INFO  [http-nio-8081-exec-1]: POST запрос: 
2021-08-04 15:34:21 INFO  [http-nio-8081-exec-3]: POST запрос: 
2021-08-04 15:34:22 INFO  [http-nio-8081-exec-4]: POST запрос: 
2021-08-04 15:34:23 INFO  [http-nio-8081-exec-5]: POST запрос: 
2021-08-04 15:34:24 INFO  [http-nio-8081-exec-6]: POST запрос: 
2021-08-04 15:34:24 INFO  [http-nio-8081-exec-7]: POST запрос: 
2021-08-04 15:34:25 INFO  [http-nio-8081-exec-8]: POST запрос: 
2021-08-04 15:34:25 INFO  [http-nio-8081-exec-9]: POST запрос: 
2021-08-04 15:34:26 INFO  [http-nio-8081-exec-10]: POST запрос: 
2021-08-04 15:34:26 INFO  [http-nio-8081-exec-2]: POST запрос: 
2021-08-04 15:34:27 INFO  [http-nio-8081-exec-1]: POST запрос: 
2021-08-04 15:34:28 INFO  [http-nio-8081-exec-3]: POST запрос: 
2021-08-04 15:34:28 INFO  [http-nio-8081-exec-4]: POST запрос: 
2021-08-04 15:34:29 INFO  [http-nio-8081-exec-5]: POST запрос: 
2021-08-04 15:34:30 INFO  [http-nio-8081-exec-6]: POST запрос: 
2021-08-04 15:34:30 INFO  [http-nio-8081-exec-7]: POST запрос: 
2021-08-04 15:35:20 INFO  [http-nio-8081-exec-2]: POST запрос: Moscow
2021-08-04 16:04:23 INFO  [http-nio-8081-exec-1]: POST запрос: Moscow
2021-08-04 16:11:55 INFO  [http-nio-8081-exec-2]: POST запрос: Moscow
2021-08-05 10:49:52 INFO  [main]: POST запрос: Moscow
2021-08-05 10:57:18 INFO  [main]: POST запрос: Moscow
2021-08-05 10:58:09 INFO  [main]: POST запрос: Moscow
2021-08-05 11:27:37 INFO  [main]: POST запрос: Moscow
2021-08-06 09:19:32 INFO  [main]: POST запрос: Moscow
2021-08-06 09:30:57 INFO  [main]: POST запрос: Moscow
2021-08-06 11:03:25 INFO  [main]: POST запрос: Moscow
2021-08-06 11:05:02 INFO  [main]: POST запрос: Moscow
2021-08-06 11:08:14 INFO  [http-nio-8081-exec-4]: POST запрос: Penza
2021-08-06 11:08:37 INFO  [http-nio-8081-exec-5]: POST запрос: Saransk
2021-08-06 11:13:19 INFO  [main]: POST запрос: Saransk
2021-08-06 11:21:44 INFO  [main]: POST запрос: Moscow
2021-08-06 11:23:57 INFO  [main]: POST запрос: Kuznetsk
2021-08-06 11:25:29 INFO  [main]: POST запрос: Kuznetsk
2021-08-06 11:36:32 INFO  [main]: POST запрос: Kuznetsk
2021-08-06 11:36:59 INFO  [main]: POST запрос: Kuznetsk
2021-08-06 11:38:57 INFO  [main]: POST запрос: Kuznetsk
2021-08-06 11:40:14 INFO  [main]: POST запрос: Kuznetsk
2021-08-06 11:44:49 INFO  [main]: POST запрос: Kuznetsk
2021-08-06 11:46:59 INFO  [main]: POST запрос: Kuznetsk
2021-08-06 11:47:53 INFO  [main]: POST запрос: Kuznetsk
2021-08-06 11:48:35 INFO  [main]: POST запрос: Kuznetsk
2021-08-06 11:48:48 INFO  [main]: POST запрос: Kuznetsk
2021-08-06 11:50:48 INFO  [main]: POST запрос: Kuznetsk
2021-08-06 11:51:32 INFO  [main]: POST запрос: Kuznetsk
2021-08-06 11:54:24 INFO  [main]: POST запрос: Kuznetsk
